c:\users\erwin alles\documents\github\misi_imgalg\x64\release\misi_imgalg.pch
c:\users\erwin alles\documents\github\misi_imgalg\x64\release\vc142.pdb
c:\users\erwin alles\documents\github\misi_imgalg\x64\release\stdafx.obj
c:\users\erwin alles\documents\github\misi_imgalg\x64\release\support_scripts.obj
c:\users\erwin alles\documents\github\misi_imgalg\x64\release\slsc.obj
c:\users\erwin alles\documents\github\misi_imgalg\x64\release\kspace.obj
c:\users\erwin alles\documents\github\misi_imgalg\x64\release\misi_imgalg.obj
c:\users\erwin alles\documents\github\misi_imgalg\x64\release\dmas.obj
c:\users\erwin alles\documents\github\misi_imgalg\x64\release\delay_and_sum.obj
c:\users\erwin alles\documents\github\misi_imgalg\x64\release\dllmain.obj
c:\users\erwin alles\documents\github\misi_imgalg\x64\release\misi_imgalg.dll
c:\users\erwin alles\documents\github\misi_imgalg\x64\release\misi_imgalg.pgd
c:\users\erwin alles\documents\github\misi_imgalg\x64\release\misi_imgalg.lib
c:\users\erwin alles\documents\github\misi_imgalg\x64\release\misi_imgalg.exp
c:\users\erwin alles\documents\github\misi_imgalg\x64\release\misi_imgalg!1.pgc
c:\users\erwin alles\documents\github\misi_imgalg\x64\release\misi_imgalg.tlog\cl.command.1.tlog
c:\users\erwin alles\documents\github\misi_imgalg\x64\release\misi_imgalg.tlog\cl.read.1.tlog
c:\users\erwin alles\documents\github\misi_imgalg\x64\release\misi_imgalg.tlog\cl.write.1.tlog
c:\users\erwin alles\documents\github\misi_imgalg\x64\release\misi_imgalg.tlog\link.command.1.tlog
c:\users\erwin alles\documents\github\misi_imgalg\x64\release\misi_imgalg.tlog\link.read.1.tlog
c:\users\erwin alles\documents\github\misi_imgalg\x64\release\misi_imgalg.tlog\link.write.1.tlog
c:\users\erwin alles\documents\github\misi_imgalg\x64\release\misi_imgalg.tlog\misi_imgalg.write.1u.tlog
